MPASM 5.84                          MAIN.ASM   10-12-2020  22:21:29         PAGE  1


LOC  OBJECT CODE     LINE SOURCE TEXT
  VALUE

                      00001 ; TODO INSERT CONFIG CODE HERE USING CONFIG BITS GENERATOR
                      00002 ;proyecto 2 comunicacion serial con computador
                      00003 
                      00004     ; PIC16F887 Configuration Bit Settings
                      00005 
                      00006 ; Assembly source line config statements
                      00007 
                      00008 #include "p16f887.inc"
                      00001         LIST
                      00002 
                      00003 ;==========================================================================
                      00004 ; Build date : Mar 17 2019
                      00005 ;  MPASM PIC16F887 processor include
                      00006 ; 
                      00007 ;  (c) Copyright 1999-2019 Microchip Technology, All rights reserved
                      00008 ;==========================================================================
                      00009 
                      00810         LIST
                      00009 
                      00010 ; CONFIG1
                      00011 ; __config 0xE0D4
2007   20D4           00012  __CONFIG _CONFIG1, _FOSC_INTRC_NOCLKOUT & _WDTE_OFF & _PWRTE_OFF & _MCLRE_OFF & _CP_OFF & _CPD_OFF & _B
                            OREN_OFF & _IESO_OFF & _FCMEN_OFF & _LVP_OFF
                      00013 ; CONFIG2
                      00014 ; __config 0xFFFF
2008   3FFF           00015  __CONFIG _CONFIG2, _BOR4V_BOR40V & _WRT_OFF
                      00016 ;interrupcion del timer 0 para controlar los displays
                      00017  
                      00018 ;constantes     
Warning[207]: Found label after column 1. (VALOR_TMR0)
  00000006            00019  VALOR_TMR0     EQU .6
Warning[207]: Found label after column 1. (VARIA)
                      00020  VARIA UDATA
                      00021 ;------------------------ DATOS O VISUALIZACION DE DATOS-----------------------------------------------
0000                  00022 MUX     RES     1 ;USADA PARA LA MULTIPLEXACION DE LOS DISPLAYS
0001                  00023 X_LOW   RES     1;  GUARDAR LOS PRIMEROS DOS DIGITOS DE X
0002                  00024 X_HIGH  RES     1 ;GUARDA EL ULTIMO DIGITO
0003                  00025 y_LOW   RES     1 ; GUARDA LOS PRIMEROS DOS DIGITOS DE Y
0004                  00026 Y_HIGH  RES     1;  GUARDA EL ULTIMO DIGITO DE Y
0005                  00027 ADC_C0  RES     1 ;VALOR DEL ADC EN EL CANAL 3
0006                  00028 ADC_C1  RES     1 ;VALOR DEL ADC EN EL CANAL 2
0007                  00029 PIXEL_X_LOW RES 1; VALOR DEL PIXEL X PRIMER DIGITO
0008                  00030 PIXEL_X_MID RES 1; DIGITO DE ENMEDIO
Warning[207]: Found label after column 1. (PIXEL_X_HIGH)
0009                  00031  PIXEL_X_HIGH RES    1; VALOR DEL PIXEL X ULTIMO DIGITO
000A                  00032 PIXEL_Y_LOW RES 1; PRIMEROS DOS DIGITOS DEL PIXEL Y
000B                  00033 PIXEL_Y_MID RES 1; DIGITO DE ENMEDIO DEL PIXEL Y
000C                  00034 PIXEL_Y_HIGH RES    1; ULTIMO DIGITO DEL PIXEL Y
                      00035  ;---------------- CONTROL DE FLUJO DEL PROGRAMA--------------------------------------------------
Warning[207]: Found label after column 1. (FLAGS)
000D                  00036  FLAGS  RES     1; BIT 0 : USADO PARA INDICAR QUE YA SE CONVIRTIO A BCD EL CANAL 0 ADC
                      00037                  ;  BIT 1: USADO PARA INDICAR QUE YA FUE CONVERTIDO A BCD EL CANAL 1 DEL ADC
                      00038  ;------------ VARIABLES USADAS EN CONVERTIDOR BINARIO A BCD------------------------------
MPASM 5.84                          MAIN.ASM   10-12-2020  22:21:29         PAGE  2


LOC  OBJECT CODE     LINE SOURCE TEXT
  VALUE

Warning[207]: Found label after column 1. (VALOR_BIN)
000E                  00039  VALOR_BIN  RES 1
Warning[207]: Found label after column 1. (VALOR_DECENAS)
000F                  00040  VALOR_DECENAS RES 1
Warning[207]: Found label after column 1. (VALOR_CENTENAS)
0010                  00041  VALOR_CENTENAS RES 1
Warning[207]: Found label after column 1. (VALOR_UNIDADES)
0011                  00042  VALOR_UNIDADES RES 1
0012                  00043 STATUS_RAM  RES 1
0013                  00044 W_RAM   RES 1   
                      00045 RES_VECT  CODE    0x0000            ; processor reset vector
0000   2???           00046     GOTO    START                   ; go to beginning of program
                      00047 
                      00048 INTER CODE 0x0004
Warning[207]: Found label after column 1. (SAVE)
0004                  00049  SAVE:
0004   00??           00050     MOVWF   W_RAM
0005   0E03           00051     SWAPF   STATUS,W
0006   00??           00052     MOVWF   STATUS_RAM
0007                  00053 ISR:
0007   190B           00054     BTFSC INTCON,2  ;INTERRUPCION DEL TIMER 0
0008   2???           00055     GOTO    INT_TMR0
0009   1B0C           00056     BTFSC   PIR1,6 ;INTERRUPCION DEL ADC
000A   2???           00057     GOTO    INT_ADC
000B   1A8C           00058     BTFSC   PIR1,5   ;INTERRUPCION EUSART RECEIVER
000C   2???           00059     GOTO    INT_RC
                      00060     
000D                  00061 INT_TMR0:
000D   110B           00062     BCF INTCON,2
000E   3006           00063     MOVLW   VALOR_TMR0
000F   0081           00064     MOVWF   TMR0
0010   2???           00065     CALL MOSTRAR_DATOS
0011   0A??           00066     INCF    MUX,F
0012   2???           00067     GOTO LOAD
0013                  00068 INT_ADC:
0013   130C           00069     BCF PIR1,6 ;SE LIMPIA LA BANDERA
0014   081E           00070     MOVF    ADRESH,W
                      00071     
0015   1D1F           00072     BTFSS   ADCON0,2 ;SI ESTE BIT ES CERO SE ESTABA LEYENDO EL CANAL 3
0016   2???           00073     GOTO LECTURA_C1
                      00074     
0017   00??           00075     MOVWF ADC_C1
0018   111F           00076     BCF ADCON0,2 ;SE CAMBIA AL CANAL 1
0019   2???           00077     GOTO    FINAL
                      00078     
Warning[207]: Found label after column 1. (LECTURA_C1)
001A                  00079     LECTURA_C1
001A   00??           00080     MOVWF   ADC_C0
001B   151F           00081     BSF ADCON0,2 ;SE CAMBIA AL CANAL 0
                      00082     
Warning[207]: Found label after column 1. (FINAL)
001C                  00083     FINAL
001C   0000           00084     NOP
MPASM 5.84                          MAIN.ASM   10-12-2020  22:21:29         PAGE  3


LOC  OBJECT CODE     LINE SOURCE TEXT
  VALUE

001D   0000           00085     NOP
001E   0000           00086     NOP
001F   0000           00087     NOP
0020   0000           00088     NOP ;REQUERIMIENTOS DE ADQUISICION
0021   149F           00089     BSF ADCON0,1 ;INICIA LA CONVERSION
0022   2???           00090     GOTO LOAD
0023                  00091 INT_RC:
0023                  00092 LOAD:
0023   0E??           00093     SWAPF   STATUS_RAM,W
0024   0083           00094     MOVWF   STATUS
0025   0E??           00095     SWAPF   W_RAM,F
0026   0E??           00096     SWAPF   W_RAM,W
0027   0009           00097     RETFIE
                      00098     
                      00099  
0028                  00100 TABLA:
0028   390F           00101     ANDLW   B'00001111' ;MASCARA
0029   0782           00102     ADDWF   PCL,F
002A   3408           00103     RETLW        B'00001000' ;0 ANODO
002B   346B           00104     RETLW        B'01101011' ;1
002C   3424           00105     RETLW  B'00100100' ;2
002D   3421           00106     RETLW  B'00100001' ;3
002E   3443           00107     RETLW  B'01000011' ;4
002F   3411           00108     RETLW  B'00010001' ;5
0030   3410           00109     RETLW  B'00010000' ;6
0031   342B           00110     RETLW  B'00101011' ;7
0032   3400           00111     RETLW B'00000000' ;8
0033   3401           00112     RETLW B'00000001' ;9
                      00113     
Warning[207]: Found label after column 1. (MOSTRAR_DATOS)
0034                  00114  MOSTRAR_DATOS:
0034   0186           00115     CLRF    PORTB
0035   08??           00116     MOVF    MUX, W
0036   0782           00117     ADDWF PCL,F
                      00118     
0037   2???           00119     GOTO PRIMERO
0038   2???           00120     GOTO SEGUNDO
0039   2???           00121     GOTO TERCERO
003A   2???           00122     GOTO CUARTO
003B   2???           00123     GOTO QUINTO
003C   2???           00124     GOTO SEXTO
003D   01??           00125     CLRF   MUX
                      00126     
Warning[207]: Found label after column 1. (PRIMERO)
003E                  00127     PRIMERO
003E   08??           00128     MOVF   PIXEL_Y_LOW,W
003F   2???           00129     CALL    TABLA
0040   0088           00130     MOVWF   PORTD
0041   1406           00131     BSF PORTB,0
0042   0008           00132     RETURN
                      00133     
Warning[207]: Found label after column 1. (SEGUNDO)
0043                  00134     SEGUNDO
MPASM 5.84                          MAIN.ASM   10-12-2020  22:21:29         PAGE  4


LOC  OBJECT CODE     LINE SOURCE TEXT
  VALUE

0043   08??           00135     MOVF   PIXEL_Y_MID,W
0044   2???           00136     CALL  TABLA
0045   0088           00137     MOVWF   PORTD
0046   1486           00138     BSF PORTB,1
0047   0008           00139     RETURN
                      00140     
Warning[207]: Found label after column 1. (TERCERO)
0048                  00141     TERCERO
0048   08??           00142     MOVF    PIXEL_Y_HIGH,W
0049   2???           00143     CALL TABLA
004A   0088           00144     MOVWF   PORTD
004B   1506           00145     BSF PORTB,2
004C   0008           00146     RETURN
                      00147     
Warning[207]: Found label after column 1. (CUARTO)
004D                  00148     CUARTO
004D   08??           00149     MOVF    PIXEL_X_LOW,W
004E   2???           00150     CALL TABLA
004F   0088           00151     MOVWF   PORTD
0050   1586           00152     BSF PORTB,3
0051   0008           00153     RETURN
                      00154     
Warning[207]: Found label after column 1. (QUINTO)
0052                  00155     QUINTO
0052   08??           00156     MOVF    PIXEL_X_MID,W
0053   2???           00157     CALL TABLA
0054   0088           00158     MOVWF   PORTD
0055   1606           00159     BSF PORTB,4
0056   0008           00160     RETURN
                      00161     
Warning[207]: Found label after column 1. (SEXTO)
0057                  00162     SEXTO
0057   08??           00163     MOVF    PIXEL_X_HIGH,W
0058   2???           00164     CALL TABLA
0059   0088           00165     MOVWF   PORTD
005A   1686           00166     BSF PORTB,5
005B   0008           00167     RETURN
                      00168     
                      00169 MAIN_PROG CODE                      ; let linker place main program
                      00170 
0000                  00171 START
0000   1703           00172     BSF STATUS,6
0001   1683           00173     BSF STATUS,5 ;BANCO 3
                      00174     
Message[302]: Register in operand not in bank 0.  Ensure that bank bits are correct.
0002   0189           00175     CLRF    ANSELH ;PUERTO B COMO SALIDA DIGITAL
0003   30FF           00176     MOVLW   .255
Message[302]: Register in operand not in bank 0.  Ensure that bank bits are correct.
0004   0088           00177     MOVWF   ANSEL ;PUERTO A Y E COMO ENTRADA DIGITAL
                      00178     
0005   1303           00179     BCF STATUS,6 ;BANCO 1
                      00180     
0006   30FF           00181     MOVLW   .255
MPASM 5.84                          MAIN.ASM   10-12-2020  22:21:29         PAGE  5


LOC  OBJECT CODE     LINE SOURCE TEXT
  VALUE

Message[302]: Register in operand not in bank 0.  Ensure that bank bits are correct.
0007   0085           00182     MOVWF   TRISA
Message[302]: Register in operand not in bank 0.  Ensure that bank bits are correct.
0008   0186           00183     CLRF    TRISB
Message[302]: Register in operand not in bank 0.  Ensure that bank bits are correct.
0009   0188           00184     CLRF    TRISD
                      00185     
000A   3081           00186     MOVLW   B'10000001' ; EN LO QUE INTERESA, EL PRESCALER DEL TMR 0 SE COLOCA EN 1:4 Y LA FUENTE ES EL 
                            OSCILADOR INTERNO
Message[302]: Register in operand not in bank 0.  Ensure that bank bits are correct.
000B   0081           00187     MOVWF   OPTION_REG ;
                      00188     
000C   30E0           00189     MOVLW   B'11100000' ;INTERRUPCIONES GLOBALES, PERIFERICAS ACTIVADAS, TMR0 INT ACTIVADA
000D   008B           00190     MOVWF   INTCON
                      00191     
Message[302]: Register in operand not in bank 0.  Ensure that bank bits are correct.
000E   170C           00192     BSF PIE1,6 ;INTERRUPCION DEL ADC ACTIVADA
                      00193     ;BSF        PIE1,5 ;INTERRUPCION EUSART RECEIVER ACTIVADA
                      00194     
Message[302]: Register in operand not in bank 0.  Ensure that bank bits are correct.
000F   1318           00195     BCF TXSTA,6 ;TRANSMISION DE 8 BITS
Message[302]: Register in operand not in bank 0.  Ensure that bank bits are correct.
0010   1698           00196     BSF TXSTA,5 ;TRANSMISION ACTIVADA
Message[302]: Register in operand not in bank 0.  Ensure that bank bits are correct.
0011   1218           00197     BCF TXSTA,4 ;MODO ASINCRONO
Message[302]: Register in operand not in bank 0.  Ensure that bank bits are correct.
0012   1518           00198     BSF TXSTA,2 ;BAUD RATE DE ALTA VELOCIDAD
                      00199     
0013   3017           00200     MOVLW   .23
Message[302]: Register in operand not in bank 0.  Ensure that bank bits are correct.
0014   0099           00201     MOVWF   SPBRG ;BAUD RATE DE 10417
                      00202     
Message[302]: Register in operand not in bank 0.  Ensure that bank bits are correct.
0015   139F           00203     BCF ADCON1,7 ;JUSTIFICADO A LA DERECHA
Message[302]: Register in operand not in bank 0.  Ensure that bank bits are correct.
0016   129F           00204     BCF ADCON1,5 ; V++ COMO VCC
Message[302]: Register in operand not in bank 0.  Ensure that bank bits are correct.
0017   121F           00205     BCF ADCON1,4   ;V-- COMO VDD
                      00206     
0018   1283           00207     BCF STATUS,5 ;BANCO 0
                      00208     
0019   3041           00209     MOVLW   B'01000001' ;FOSC/8 CANAL AN0  Y SE ENCIENDE
001A   009F           00210     MOVWF   ADCON0
                      00211     
001B   3006           00212     MOVLW   VALOR_TMR0
001C   0081           00213     MOVWF   TMR0    
                      00214     
001D   1798           00215     BSF RCSTA,7 ;SE CONFIGURA EL PUERTO SERIAL
001E   1318           00216     BCF RCSTA,6 ;RECEPCION DE 8 BITS
001F   1618           00217     BSF RCSTA,4 ;RECEPCION CONTINUA
                      00218     
0020   149F           00219     BSF ADCON0,1 ;INICIA LA CONVERSION DEL ADC
0021   01??           00220    CLRF PIXEL_X_LOW
MPASM 5.84                          MAIN.ASM   10-12-2020  22:21:29         PAGE  6


LOC  OBJECT CODE     LINE SOURCE TEXT
  VALUE

0022   01??           00221    CLRF PIXEL_X_MID
0023   01??           00222    CLRF PIXEL_X_HIGH
0024   01??           00223    CLRF PIXEL_Y_LOW
0025   01??           00224    CLRF PIXEL_Y_MID
0026   01??           00225    CLRF PIXEL_Y_HIGH
0027   01??           00226    CLRF MUX
0028   01??           00227    CLRF ADC_C1
0029   01??           00228    CLRF ADC_C0
                      00229    
002A                  00230 LOOP:
002A   08??           00231     MOVF    ADC_C0,W
002B   00??           00232     MOVWF   VALOR_BIN
002C   2???           00233     CALL    CONVERTIR_BIN_TO_BCD
002D   08??           00234     MOVF    VALOR_CENTENAS,W
002E   00??           00235     MOVWF  PIXEL_X_HIGH
002F   08??           00236     MOVF    VALOR_DECENAS,W
0030   00??           00237     MOVWF   PIXEL_X_MID
0031   08??           00238     MOVF    VALOR_UNIDADES,W
0032   00??           00239     MOVWF   PIXEL_X_LOW
                      00240     
0033   08??           00241     MOVF    ADC_C1,W
0034   00??           00242     MOVWF   VALOR_BIN
0035   2???           00243     CALL    CONVERTIR_BIN_TO_BCD
0036   08??           00244     MOVF    VALOR_CENTENAS,W
0037   00??           00245     MOVWF  PIXEL_Y_HIGH
0038   08??           00246     MOVF    VALOR_DECENAS,W
0039   00??           00247     MOVWF   PIXEL_Y_MID
003A   08??           00248     MOVF    VALOR_UNIDADES,W
003B   00??           00249     MOVWF   PIXEL_Y_LOW
003C   2???           00250     GOTO LOOP
                      00251 
                      00252 
                      00253     
003D                  00254 CONVERTIR_BIN_TO_BCD:
003D   01??           00255     CLRF    VALOR_CENTENAS
003E   01??           00256     CLRF    VALOR_DECENAS
003F   01??           00257     CLRF    VALOR_UNIDADES
                      00258     ;PRIMERO SE INICIA CON LAS CENTENAS
Warning[207]: Found label after column 1. (CENTENAS)
0040                  00259     CENTENAS
0040   3064           00260     MOVLW   .100
0041   02??           00261     SUBWF   VALOR_BIN,W    ;EN EL FSR SE COLOCA LA DIRECCION DEL VALOR A CONVERTIR
0042   1C03           00262     BTFSS   STATUS, C   ; SI EL BIT C ES 1 QUIERE DECIR QUE INDF >= W 
0043   2???           00263     GOTO    DECENAS ;SI EL BIT ES CERO ES EJECUTA ESTO, LO QUE QUIERE DECIR QUE YA EL NUMEOR EN INDF
                      00264     ;ES MENOR O IGUAL A 100
                      00265     
0044   0A??           00266     INCF    VALOR_CENTENAS,F
0045   00??           00267     MOVWF   VALOR_BIN
0046   2???           00268     GOTO CENTENAS ;VUELVE A RESTAR
                      00269     
                      00270     
Warning[207]: Found label after column 1. (DECENAS)
0047                  00271     DECENAS
MPASM 5.84                          MAIN.ASM   10-12-2020  22:21:29         PAGE  7


LOC  OBJECT CODE     LINE SOURCE TEXT
  VALUE

0047   300A           00272     MOVLW   .10
0048   02??           00273     SUBWF   VALOR_BIN,W
0049   1C03           00274     BTFSS   STATUS,C  ;LO MISMO QUE CON CENTENAS 
004A   2???           00275     GOTO UNIDADES
                      00276     
004B   0A??           00277     INCF    VALOR_DECENAS,F
004C   00??           00278     MOVWF   VALOR_BIN
004D   2???           00279     GOTO DECENAS
                      00280     
Warning[207]: Found label after column 1. (UNIDADES)
004E                  00281     UNIDADES
004E   3001           00282     MOVLW .1
004F   02??           00283     SUBWF   VALOR_BIN,W
0050   1C03           00284     BTFSS   STATUS,C ;MISMA LOGICA QUE ANTERIORMENTE
0051   0008           00285     RETURN
                      00286     
0052   0A??           00287     INCF    VALOR_UNIDADES,F
0053   00??           00288     MOVWF VALOR_BIN
0054   2???           00289     GOTO UNIDADES
                      00290     
20D4 3FFF             00291     END
MPASM 5.84                          MAIN.ASM   10-12-2020  22:21:29         PAGE  8


SYMBOL TABLE
  LABEL                             VALUE 

ABDEN                             00000000
ABDOVF                            00000007
ACKDT                             00000005
ACKEN                             00000004
ACKSTAT                           00000006
ADCON0                            0000001F
ADCON1                            0000009F
ADCS0                             00000006
ADCS1                             00000007
ADC_C0                            00000005
ADC_C1                            00000006
ADDEN                             00000003
ADFM                              00000007
ADIE                              00000006
ADIF                              00000006
ADON                              00000000
ADRESH                            0000001E
ADRESL                            0000009E
ANS0                              00000000
ANS1                              00000001
ANS10                             00000002
ANS11                             00000003
ANS12                             00000004
ANS13                             00000005
ANS2                              00000002
ANS3                              00000003
ANS4                              00000004
ANS5                              00000005
ANS6                              00000006
ANS7                              00000007
ANS8                              00000000
ANS9                              00000001
ANSEL                             00000188
ANSELH                            00000189
BAUDCTL                           00000187
BCLIE                             00000003
BCLIF                             00000003
BF                                00000000
BRG0                              00000000
BRG1                              00000001
BRG10                             00000002
BRG11                             00000003
BRG12                             00000004
BRG13                             00000005
BRG14                             00000006
BRG15                             00000007
BRG16                             00000003
BRG2                              00000002
BRG3                              00000003
BRG4                              00000004
BRG5                              00000005
BRG6                              00000006
BRG7                              00000007
MPASM 5.84                          MAIN.ASM   10-12-2020  22:21:29         PAGE  9


SYMBOL TABLE
  LABEL                             VALUE 

BRG8                              00000000
BRG9                              00000001
BRGH                              00000002
C                                 00000000
C1CH0                             00000000
C1CH1                             00000001
C1IE                              00000005
C1IF                              00000005
C1OE                              00000005
C1ON                              00000007
C1OUT                             00000006
C1POL                             00000004
C1R                               00000002
C1RSEL                            00000005
C1SEN                             00000005
C2CH0                             00000000
C2CH1                             00000001
C2IE                              00000006
C2IF                              00000006
C2OE                              00000005
C2ON                              00000007
C2OUT                             00000006
C2POL                             00000004
C2R                               00000002
C2REN                             00000004
C2RSEL                            00000004
C2SYNC                            00000000
CCP1CON                           00000017
CCP1IE                            00000002
CCP1IF                            00000002
CCP1M0                            00000000
CCP1M1                            00000001
CCP1M2                            00000002
CCP1M3                            00000003
CCP1X                             00000005
CCP1Y                             00000004
CCP2CON                           0000001D
CCP2IE                            00000000
CCP2IF                            00000000
CCP2M0                            00000000
CCP2M1                            00000001
CCP2M2                            00000002
CCP2M3                            00000003
CCP2X                             00000005
CCP2Y                             00000004
CCPR1                             00000015
CCPR1H                            00000016
CCPR1L                            00000015
CCPR2                             0000001B
CCPR2H                            0000001C
CCPR2L                            0000001B
CENTENAS                          00000040
CHS0                              00000002
MPASM 5.84                          MAIN.ASM   10-12-2020  22:21:29         PAGE 10


SYMBOL TABLE
  LABEL                             VALUE 

CHS1                              00000003
CHS2                              00000004
CHS3                              00000005
CKE                               00000006
CKP                               00000004
CM1CON0                           00000107
CM2CON0                           00000108
CM2CON1                           00000109
CONVERTIR_BIN_TO_BCD              0000003D
CREN                              00000004
CSRC                              00000007
CUARTO                            0000004D
D                                 00000005
DATA_ADDRESS                      00000005
DC                                00000001
DC1B0                             00000004
DC1B1                             00000005
DC2B0                             00000004
DC2B1                             00000005
DECENAS                           00000047
D_A                               00000005
D_NOT_A                           00000005
ECCPAS                            0000009C
ECCPAS0                           00000004
ECCPAS1                           00000005
ECCPAS2                           00000006
ECCPASE                           00000007
EEADR                             0000010D
EEADRH                            0000010F
EECON1                            0000018C
EECON2                            0000018D
EEDAT                             0000010C
EEDATA                            0000010C
EEDATH                            0000010E
EEIE                              00000004
EEIF                              00000004
EEPGD                             00000007
F                                 00000001
FERR                              00000002
FINAL                             0000001C
FLAGS                             0000000D
FSR                               00000004
FVREN                             00000000
GCEN                              00000007
GIE                               00000007
GO                                00000001
GO_DONE                           00000001
GO_NOT_DONE                       00000001
HTS                               00000002
I2C_DATA                          00000005
I2C_READ                          00000002
I2C_START                         00000003
I2C_STOP                          00000004
MPASM 5.84                          MAIN.ASM   10-12-2020  22:21:29         PAGE 11


SYMBOL TABLE
  LABEL                             VALUE 

INDF                              00000000
INTCON                            0000000B
INTE                              00000004
INTEDG                            00000006
INTF                              00000001
INT_ADC                           00000013
INT_RC                            00000023
INT_TMR0                          0000000D
IOCB                              00000096
IOCB0                             00000000
IOCB1                             00000001
IOCB2                             00000002
IOCB3                             00000003
IOCB4                             00000004
IOCB5                             00000005
IOCB6                             00000006
IOCB7                             00000007
IRCF0                             00000004
IRCF1                             00000005
IRCF2                             00000006
IRP                               00000007
ISR                               00000007
LECTURA_C1                        0000001A
LOAD                              00000023
LOOP                              0000002A
LTS                               00000001
MC1OUT                            00000007
MC2OUT                            00000006
MOSTRAR_DATOS                     00000034
MSK                               00000093
MSK0                              00000000
MSK1                              00000001
MSK2                              00000002
MSK3                              00000003
MSK4                              00000004
MSK5                              00000005
MSK6                              00000006
MSK7                              00000007
MUX                               00000000
NOT_A                             00000005
NOT_ADDRESS                       00000005
NOT_BO                            00000000
NOT_BOR                           00000000
NOT_DONE                          00000001
NOT_PD                            00000003
NOT_POR                           00000001
NOT_RBPU                          00000007
NOT_RC8                           00000006
NOT_T1SYNC                        00000002
NOT_TO                            00000004
NOT_TX8                           00000006
NOT_W                             00000002
NOT_WRITE                         00000002
MPASM 5.84                          MAIN.ASM   10-12-2020  22:21:29         PAGE 12


SYMBOL TABLE
  LABEL                             VALUE 

OERR                              00000001
OPTION_REG                        00000081
OSCCON                            0000008F
OSCTUNE                           00000090
OSFIE                             00000007
OSFIF                             00000007
OSTS                              00000003
P                                 00000004
P1M0                              00000006
P1M1                              00000007
PCL                               00000002
PCLATH                            0000000A
PCON                              0000008E
PDC0                              00000000
PDC1                              00000001
PDC2                              00000002
PDC3                              00000003
PDC4                              00000004
PDC5                              00000005
PDC6                              00000006
PEIE                              00000006
PEN                               00000002
PIE1                              0000008C
PIE2                              0000008D
PIR1                              0000000C
PIR2                              0000000D
PIXEL_X_HIGH                      00000009
PIXEL_X_LOW                       00000007
PIXEL_X_MID                       00000008
PIXEL_Y_HIGH                      0000000C
PIXEL_Y_LOW                       0000000A
PIXEL_Y_MID                       0000000B
PORTA                             00000005
PORTB                             00000006
PORTC                             00000007
PORTD                             00000008
PORTE                             00000009
PR2                               00000092
PRIMERO                           0000003E
PRSEN                             00000007
PS0                               00000000
PS1                               00000001
PS2                               00000002
PSA                               00000003
PSSAC0                            00000002
PSSAC1                            00000003
PSSBD0                            00000000
PSSBD1                            00000001
PSTRCON                           0000009D
PULSR                             00000002
PULSS                             00000003
PWM1CON                           0000009B
QUINTO                            00000052
MPASM 5.84                          MAIN.ASM   10-12-2020  22:21:29         PAGE 13


SYMBOL TABLE
  LABEL                             VALUE 

R                                 00000002
RA0                               00000000
RA1                               00000001
RA2                               00000002
RA3                               00000003
RA4                               00000004
RA5                               00000005
RA6                               00000006
RA7                               00000007
RB0                               00000000
RB1                               00000001
RB2                               00000002
RB3                               00000003
RB4                               00000004
RB5                               00000005
RB6                               00000006
RB7                               00000007
RBIE                              00000003
RBIF                              00000000
RC0                               00000000
RC1                               00000001
RC2                               00000002
RC3                               00000003
RC4                               00000004
RC5                               00000005
RC6                               00000006
RC7                               00000007
RC8_9                             00000006
RC9                               00000006
RCD8                              00000000
RCEN                              00000003
RCIDL                             00000006
RCIE                              00000005
RCIF                              00000005
RCREG                             0000001A
RCSTA                             00000018
RD                                00000000
RD0                               00000000
RD1                               00000001
RD2                               00000002
RD3                               00000003
RD4                               00000004
RD5                               00000005
RD6                               00000006
RD7                               00000007
RE0                               00000000
RE1                               00000001
RE2                               00000002
RE3                               00000003
READ_WRITE                        00000002
RP0                               00000005
RP1                               00000006
RSEN                              00000001
MPASM 5.84                          MAIN.ASM   10-12-2020  22:21:29         PAGE 14


SYMBOL TABLE
  LABEL                             VALUE 

RX9                               00000006
RX9D                              00000000
R_NOT_W                           00000002
R_W                               00000002
S                                 00000003
SAVE                              00000004
SBOREN                            00000004
SCKP                              00000004
SCS                               00000000
SEGUNDO                           00000043
SEN                               00000000
SENDB                             00000003
SEXTO                             00000057
SMP                               00000007
SPBRG                             00000099
SPBRGH                            0000009A
SPEN                              00000007
SR0                               00000006
SR1                               00000007
SRCON                             00000185
SREN                              00000005
SSPADD                            00000093
SSPBUF                            00000013
SSPCON                            00000014
SSPCON2                           00000091
SSPEN                             00000005
SSPIE                             00000003
SSPIF                             00000003
SSPM0                             00000000
SSPM1                             00000001
SSPM2                             00000002
SSPM3                             00000003
SSPMSK                            00000093
SSPOV                             00000006
SSPSTAT                           00000094
START                             00000000
STATUS                            00000003
STATUS_RAM                        00000012
STRA                              00000000
STRB                              00000001
STRC                              00000002
STRD                              00000003
STRSYNC                           00000004
SWDTEN                            00000000
SYNC                              00000004
T0CS                              00000005
T0IE                              00000005
T0IF                              00000002
T0SE                              00000004
T1CKPS0                           00000004
T1CKPS1                           00000005
T1CON                             00000010
T1GINV                            00000007
MPASM 5.84                          MAIN.ASM   10-12-2020  22:21:29         PAGE 15


SYMBOL TABLE
  LABEL                             VALUE 

T1GIV                             00000007
T1GSS                             00000001
T1INSYNC                          00000002
T1OSCEN                           00000003
T1SYNC                            00000002
T2CKPS0                           00000000
T2CKPS1                           00000001
T2CON                             00000012
TABLA                             00000028
TERCERO                           00000048
TMR0                              00000001
TMR0IE                            00000005
TMR0IF                            00000002
TMR1                              0000000E
TMR1CS                            00000001
TMR1GE                            00000006
TMR1H                             0000000F
TMR1IE                            00000000
TMR1IF                            00000000
TMR1L                             0000000E
TMR1ON                            00000000
TMR2                              00000011
TMR2IE                            00000001
TMR2IF                            00000001
TMR2ON                            00000002
TOUTPS0                           00000003
TOUTPS1                           00000004
TOUTPS2                           00000005
TOUTPS3                           00000006
TRISA                             00000085
TRISA0                            00000000
TRISA1                            00000001
TRISA2                            00000002
TRISA3                            00000003
TRISA4                            00000004
TRISA5                            00000005
TRISA6                            00000006
TRISA7                            00000007
TRISB                             00000086
TRISB0                            00000000
TRISB1                            00000001
TRISB2                            00000002
TRISB3                            00000003
TRISB4                            00000004
TRISB5                            00000005
TRISB6                            00000006
TRISB7                            00000007
TRISC                             00000087
TRISC0                            00000000
TRISC1                            00000001
TRISC2                            00000002
TRISC3                            00000003
TRISC4                            00000004
MPASM 5.84                          MAIN.ASM   10-12-2020  22:21:29         PAGE 16


SYMBOL TABLE
  LABEL                             VALUE 

TRISC5                            00000005
TRISC6                            00000006
TRISC7                            00000007
TRISD                             00000088
TRISD0                            00000000
TRISD1                            00000001
TRISD2                            00000002
TRISD3                            00000003
TRISD4                            00000004
TRISD5                            00000005
TRISD6                            00000006
TRISD7                            00000007
TRISE                             00000089
TRISE0                            00000000
TRISE1                            00000001
TRISE2                            00000002
TRISE3                            00000003
TRMT                              00000001
TUN0                              00000000
TUN1                              00000001
TUN2                              00000002
TUN3                              00000003
TUN4                              00000004
TX8_9                             00000006
TX9                               00000006
TX9D                              00000000
TXD8                              00000000
TXEN                              00000005
TXIE                              00000004
TXIF                              00000004
TXREG                             00000019
TXSTA                             00000098
UA                                00000001
ULPWUE                            00000005
ULPWUIE                           00000002
ULPWUIF                           00000002
UNIDADES                          0000004E
VALOR_BIN                         0000000E
VALOR_CENTENAS                    00000010
VALOR_DECENAS                     0000000F
VALOR_TMR0                        00000006
VALOR_UNIDADES                    00000011
VCFG0                             00000004
VCFG1                             00000005
VR0                               00000000
VR1                               00000001
VR2                               00000002
VR3                               00000003
VRCON                             00000097
VREN                              00000007
VROE                              00000006
VRR                               00000005
VRSS                              00000004
MPASM 5.84                          MAIN.ASM   10-12-2020  22:21:29         PAGE 17


SYMBOL TABLE
  LABEL                             VALUE 

W                                 00000000
WCOL                              00000007
WDTCON                            00000105
WDTPS0                            00000001
WDTPS1                            00000002
WDTPS2                            00000003
WDTPS3                            00000004
WPUB                              00000095
WPUB0                             00000000
WPUB1                             00000001
WPUB2                             00000002
WPUB3                             00000003
WPUB4                             00000004
WPUB5                             00000005
WPUB6                             00000006
WPUB7                             00000007
WR                                00000001
WREN                              00000002
WRERR                             00000003
WUE                               00000001
W_RAM                             00000013
X_HIGH                            00000002
X_LOW                             00000001
Y_HIGH                            00000004
Z                                 00000002
_BOR21V                           00003EFF
_BOR40V                           00003FFF
_BOR4V_BOR21V                     00003EFF
_BOR4V_BOR40V                     00003FFF
_BOREN_NSLEEP                     00003EFF
_BOREN_OFF                        00003CFF
_BOREN_ON                         00003FFF
_BOREN_SBODEN                     00003DFF
_BOR_NSLEEP                       00003EFF
_BOR_OFF                          00003CFF
_BOR_ON                           00003FFF
_BOR_SBODEN                       00003DFF
_CONFIG1                          00002007
_CONFIG2                          00002008
_CPD_OFF                          00003FFF
_CPD_ON                           00003F7F
_CP_OFF                           00003FFF
_CP_ON                            00003FBF
_DEBUG_OFF                        00003FFF
_DEBUG_ON                         00001FFF
_DEVID1                           00002006
_EC_OSC                           00003FFB
_EXTRC                            00003FFF
_EXTRCIO                          00003FFE
_EXTRC_OSC_CLKOUT                 00003FFF
_EXTRC_OSC_NOCLKOUT               00003FFE
_FCMEN_OFF                        000037FF
_FCMEN_ON                         00003FFF
MPASM 5.84                          MAIN.ASM   10-12-2020  22:21:29         PAGE 18


SYMBOL TABLE
  LABEL                             VALUE 

_FOSC_EC                          00003FFB
_FOSC_EXTRC_CLKOUT                00003FFF
_FOSC_EXTRC_NOCLKOUT              00003FFE
_FOSC_HS                          00003FFA
_FOSC_INTRC_CLKOUT                00003FFD
_FOSC_INTRC_NOCLKOUT              00003FFC
_FOSC_LP                          00003FF8
_FOSC_XT                          00003FF9
_HS_OSC                           00003FFA
_IDLOC0                           00002000
_IDLOC1                           00002001
_IDLOC2                           00002002
_IDLOC3                           00002003
_IESO_OFF                         00003BFF
_IESO_ON                          00003FFF
_INTOSC                           00003FFD
_INTOSCIO                         00003FFC
_INTRC_OSC_CLKOUT                 00003FFD
_INTRC_OSC_NOCLKOUT               00003FFC
_LP_OSC                           00003FF8
_LVP_OFF                          00002FFF
_LVP_ON                           00003FFF
_MCLRE_OFF                        00003FDF
_MCLRE_ON                         00003FFF
_PWRTE_OFF                        00003FFF
_PWRTE_ON                         00003FEF
_WDTE_OFF                         00003FF7
_WDTE_ON                          00003FFF
_WDT_OFF                          00003FF7
_WDT_ON                           00003FFF
_WRT_1FOURTH                      00003BFF
_WRT_256                          00003DFF
_WRT_HALF                         000039FF
_WRT_OFF                          00003FFF
_XT_OSC                           00003FF9
__16F887                          00000001
y_LOW                             00000003

Errors   :     0
Warnings :    21 reported,     0 suppressed
Messages :    15 reported,     0 suppressed

