Warning[207] C:\USERS\ANGELORELLANA\ONEDRIVE\ESCRITORIO\UVG\4TOSEMESTRE\PROGRADEMICROS\PROYECTO2\PROYECTO2.X\MAIN.ASM 19 : Found label after column 1. (VALOR_TMR0)
Warning[207] C:\USERS\ANGELORELLANA\ONEDRIVE\ESCRITORIO\UVG\4TOSEMESTRE\PROGRADEMICROS\PROYECTO2\PROYECTO2.X\MAIN.ASM 20 : Found label after column 1. (VARIA)
Warning[207] C:\USERS\ANGELORELLANA\ONEDRIVE\ESCRITORIO\UVG\4TOSEMESTRE\PROGRADEMICROS\PROYECTO2\PROYECTO2.X\MAIN.ASM 31 : Found label after column 1. (PIXEL_X_HIGH)
Warning[207] C:\USERS\ANGELORELLANA\ONEDRIVE\ESCRITORIO\UVG\4TOSEMESTRE\PROGRADEMICROS\PROYECTO2\PROYECTO2.X\MAIN.ASM 36 : Found label after column 1. (FLAGS)
Warning[207] C:\USERS\ANGELORELLANA\ONEDRIVE\ESCRITORIO\UVG\4TOSEMESTRE\PROGRADEMICROS\PROYECTO2\PROYECTO2.X\MAIN.ASM 39 : Found label after column 1. (VALOR_BIN)
Warning[207] C:\USERS\ANGELORELLANA\ONEDRIVE\ESCRITORIO\UVG\4TOSEMESTRE\PROGRADEMICROS\PROYECTO2\PROYECTO2.X\MAIN.ASM 40 : Found label after column 1. (VALOR_DECENAS)
Warning[207] C:\USERS\ANGELORELLANA\ONEDRIVE\ESCRITORIO\UVG\4TOSEMESTRE\PROGRADEMICROS\PROYECTO2\PROYECTO2.X\MAIN.ASM 41 : Found label after column 1. (VALOR_CENTENAS)
Warning[207] C:\USERS\ANGELORELLANA\ONEDRIVE\ESCRITORIO\UVG\4TOSEMESTRE\PROGRADEMICROS\PROYECTO2\PROYECTO2.X\MAIN.ASM 42 : Found label after column 1. (VALOR_UNIDADES)
Warning[207] C:\USERS\ANGELORELLANA\ONEDRIVE\ESCRITORIO\UVG\4TOSEMESTRE\PROGRADEMICROS\PROYECTO2\PROYECTO2.X\MAIN.ASM 49 : Found label after column 1. (SAVE)
Warning[207] C:\USERS\ANGELORELLANA\ONEDRIVE\ESCRITORIO\UVG\4TOSEMESTRE\PROGRADEMICROS\PROYECTO2\PROYECTO2.X\MAIN.ASM 79 : Found label after column 1. (LECTURA_C1)
Warning[207] C:\USERS\ANGELORELLANA\ONEDRIVE\ESCRITORIO\UVG\4TOSEMESTRE\PROGRADEMICROS\PROYECTO2\PROYECTO2.X\MAIN.ASM 83 : Found label after column 1. (FINAL)
Warning[207] C:\USERS\ANGELORELLANA\ONEDRIVE\ESCRITORIO\UVG\4TOSEMESTRE\PROGRADEMICROS\PROYECTO2\PROYECTO2.X\MAIN.ASM 114 : Found label after column 1. (MOSTRAR_DATOS)
Warning[207] C:\USERS\ANGELORELLANA\ONEDRIVE\ESCRITORIO\UVG\4TOSEMESTRE\PROGRADEMICROS\PROYECTO2\PROYECTO2.X\MAIN.ASM 127 : Found label after column 1. (PRIMERO)
Warning[207] C:\USERS\ANGELORELLANA\ONEDRIVE\ESCRITORIO\UVG\4TOSEMESTRE\PROGRADEMICROS\PROYECTO2\PROYECTO2.X\MAIN.ASM 134 : Found label after column 1. (SEGUNDO)
Warning[207] C:\USERS\ANGELORELLANA\ONEDRIVE\ESCRITORIO\UVG\4TOSEMESTRE\PROGRADEMICROS\PROYECTO2\PROYECTO2.X\MAIN.ASM 141 : Found label after column 1. (TERCERO)
Warning[207] C:\USERS\ANGELORELLANA\ONEDRIVE\ESCRITORIO\UVG\4TOSEMESTRE\PROGRADEMICROS\PROYECTO2\PROYECTO2.X\MAIN.ASM 148 : Found label after column 1. (CUARTO)
Warning[207] C:\USERS\ANGELORELLANA\ONEDRIVE\ESCRITORIO\UVG\4TOSEMESTRE\PROGRADEMICROS\PROYECTO2\PROYECTO2.X\MAIN.ASM 155 : Found label after column 1. (QUINTO)
Warning[207] C:\USERS\ANGELORELLANA\ONEDRIVE\ESCRITORIO\UVG\4TOSEMESTRE\PROGRADEMICROS\PROYECTO2\PROYECTO2.X\MAIN.ASM 162 : Found label after column 1. (SEXTO)
Message[302] C:\USERS\ANGELORELLANA\ONEDRIVE\ESCRITORIO\UVG\4TOSEMESTRE\PROGRADEMICROS\PROYECTO2\PROYECTO2.X\MAIN.ASM 175 : Register in operand not in bank 0.  Ensure that bank bits are correct.
Message[302] C:\USERS\ANGELORELLANA\ONEDRIVE\ESCRITORIO\UVG\4TOSEMESTRE\PROGRADEMICROS\PROYECTO2\PROYECTO2.X\MAIN.ASM 177 : Register in operand not in bank 0.  Ensure that bank bits are correct.
Message[302] C:\USERS\ANGELORELLANA\ONEDRIVE\ESCRITORIO\UVG\4TOSEMESTRE\PROGRADEMICROS\PROYECTO2\PROYECTO2.X\MAIN.ASM 182 : Register in operand not in bank 0.  Ensure that bank bits are correct.
Message[302] C:\USERS\ANGELORELLANA\ONEDRIVE\ESCRITORIO\UVG\4TOSEMESTRE\PROGRADEMICROS\PROYECTO2\PROYECTO2.X\MAIN.ASM 183 : Register in operand not in bank 0.  Ensure that bank bits are correct.
Message[302] C:\USERS\ANGELORELLANA\ONEDRIVE\ESCRITORIO\UVG\4TOSEMESTRE\PROGRADEMICROS\PROYECTO2\PROYECTO2.X\MAIN.ASM 184 : Register in operand not in bank 0.  Ensure that bank bits are correct.
Message[302] C:\USERS\ANGELORELLANA\ONEDRIVE\ESCRITORIO\UVG\4TOSEMESTRE\PROGRADEMICROS\PROYECTO2\PROYECTO2.X\MAIN.ASM 187 : Register in operand not in bank 0.  Ensure that bank bits are correct.
Message[302] C:\USERS\ANGELORELLANA\ONEDRIVE\ESCRITORIO\UVG\4TOSEMESTRE\PROGRADEMICROS\PROYECTO2\PROYECTO2.X\MAIN.ASM 192 : Register in operand not in bank 0.  Ensure that bank bits are correct.
Message[302] C:\USERS\ANGELORELLANA\ONEDRIVE\ESCRITORIO\UVG\4TOSEMESTRE\PROGRADEMICROS\PROYECTO2\PROYECTO2.X\MAIN.ASM 195 : Register in operand not in bank 0.  Ensure that bank bits are correct.
Message[302] C:\USERS\ANGELORELLANA\ONEDRIVE\ESCRITORIO\UVG\4TOSEMESTRE\PROGRADEMICROS\PROYECTO2\PROYECTO2.X\MAIN.ASM 196 : Register in operand not in bank 0.  Ensure that bank bits are correct.
Message[302] C:\USERS\ANGELORELLANA\ONEDRIVE\ESCRITORIO\UVG\4TOSEMESTRE\PROGRADEMICROS\PROYECTO2\PROYECTO2.X\MAIN.ASM 197 : Register in operand not in bank 0.  Ensure that bank bits are correct.
Message[302] C:\USERS\ANGELORELLANA\ONEDRIVE\ESCRITORIO\UVG\4TOSEMESTRE\PROGRADEMICROS\PROYECTO2\PROYECTO2.X\MAIN.ASM 198 : Register in operand not in bank 0.  Ensure that bank bits are correct.
Message[302] C:\USERS\ANGELORELLANA\ONEDRIVE\ESCRITORIO\UVG\4TOSEMESTRE\PROGRADEMICROS\PROYECTO2\PROYECTO2.X\MAIN.ASM 201 : Register in operand not in bank 0.  Ensure that bank bits are correct.
Message[302] C:\USERS\ANGELORELLANA\ONEDRIVE\ESCRITORIO\UVG\4TOSEMESTRE\PROGRADEMICROS\PROYECTO2\PROYECTO2.X\MAIN.ASM 203 : Register in operand not in bank 0.  Ensure that bank bits are correct.
Message[302] C:\USERS\ANGELORELLANA\ONEDRIVE\ESCRITORIO\UVG\4TOSEMESTRE\PROGRADEMICROS\PROYECTO2\PROYECTO2.X\MAIN.ASM 204 : Register in operand not in bank 0.  Ensure that bank bits are correct.
Message[302] C:\USERS\ANGELORELLANA\ONEDRIVE\ESCRITORIO\UVG\4TOSEMESTRE\PROGRADEMICROS\PROYECTO2\PROYECTO2.X\MAIN.ASM 205 : Register in operand not in bank 0.  Ensure that bank bits are correct.
Warning[207] C:\USERS\ANGELORELLANA\ONEDRIVE\ESCRITORIO\UVG\4TOSEMESTRE\PROGRADEMICROS\PROYECTO2\PROYECTO2.X\MAIN.ASM 259 : Found label after column 1. (CENTENAS)
Warning[207] C:\USERS\ANGELORELLANA\ONEDRIVE\ESCRITORIO\UVG\4TOSEMESTRE\PROGRADEMICROS\PROYECTO2\PROYECTO2.X\MAIN.ASM 271 : Found label after column 1. (DECENAS)
Warning[207] C:\USERS\ANGELORELLANA\ONEDRIVE\ESCRITORIO\UVG\4TOSEMESTRE\PROGRADEMICROS\PROYECTO2\PROYECTO2.X\MAIN.ASM 281 : Found label after column 1. (UNIDADES)
