MPASM 5.84                          MAIN.ASM   10-20-2020  17:25:57         PAGE  1


LOC  OBJECT CODE     LINE SOURCE TEXT
  VALUE

                      00001 ; TODO INSERT CONFIG CODE HERE USING CONFIG BITS GENERATOR
                      00002 ;proyecto 2 comunicacion serial con computador
                      00003 
                      00004     ; PIC16F887 Configuration Bit Settings
                      00005 
                      00006 ; Assembly source line config statements
                      00007 
                      00008 #include "p16f887.inc"
                      00001         LIST
                      00002 
                      00003 ;==========================================================================
                      00004 ; Build date : Mar 17 2019
                      00005 ;  MPASM PIC16F887 processor include
                      00006 ; 
                      00007 ;  (c) Copyright 1999-2019 Microchip Technology, All rights reserved
                      00008 ;==========================================================================
                      00009 
                      00810         LIST
                      00009 
                      00010 ; CONFIG1
                      00011 ; __config 0xE0D4
2007   20D4           00012  __CONFIG _CONFIG1, _FOSC_INTRC_NOCLKOUT & _WDTE_OFF & _PWRTE_OFF & _MCLRE_OFF & _CP_OFF & _CPD_OFF & _B
                            OREN_OFF & _IESO_OFF & _FCMEN_OFF & _LVP_OFF
                      00013 ; CONFIG2
                      00014 ; __config 0xFFFF
2008   3FFF           00015  __CONFIG _CONFIG2, _BOR4V_BOR40V & _WRT_OFF
                      00016 ;interrupcion del timer 0 para controlar los displays
                      00017  
                      00018 ;constantes     
Warning[207]: Found label after column 1. (VALOR_TMR0)
  00000006            00019  VALOR_TMR0     EQU .6
Warning[207]: Found label after column 1. (VARIA)
                      00020  VARIA UDATA
                      00021 ;------------------------ DATOS O VISUALIZACION DE DATOS-----------------------------------------------
Warning[207]: Found label after column 1. (CONTADOR)
0000                  00022  CONTADOR RES   1;CUENTA EL BYTE QUE SE HA ENVIADO
0001                  00023 MUX     RES     1 ;USADA PARA LA MULTIPLEXACION DE LOS DISPLAYS
0002                  00024 X_LOW   RES     1;  GUARDAR LOS PRIMEROS DOS DIGITOS DE X
0003                  00025 X_MID   RES     1;
0004                  00026 X_HIGH  RES     1 ;GUARDA EL ULTIMO DIGITO
0005                  00027 Y_LOW   RES     1 ; GUARDA LOS PRIMEROS DOS DIGITOS DE Y
0006                  00028 Y_MID   RES     1;
0007                  00029 Y_HIGH  RES     1;  GUARDA EL ULTIMO DIGITO DE Y
0008                  00030 ADC_C0  RES     1 ;VALOR DEL ADC EN EL CANAL 3
0009                  00031 ADC_C1  RES     1 ;VALOR DEL ADC EN EL CANAL 2
000A                  00032 PIXEL_X_LOW RES 1; VALOR DEL PIXEL X PRIMER DIGITO
000B                  00033 PIXEL_X_MID RES 1; DIGITO DE ENMEDIO
Warning[207]: Found label after column 1. (PIXEL_X_HIGH)
000C                  00034  PIXEL_X_HIGH RES    1; VALOR DEL PIXEL X ULTIMO DIGITO
000D                  00035 PIXEL_Y_LOW RES 1; PRIMEROS DOS DIGITOS DEL PIXEL Y
000E                  00036 PIXEL_Y_MID RES 1; DIGITO DE ENMEDIO DEL PIXEL Y
000F                  00037 PIXEL_Y_HIGH RES    1; ULTIMO DIGITO DEL PIXEL Y
                      00038  ;---------------- CONTROL DE FLUJO DEL PROGRAMA--------------------------------------------------
MPASM 5.84                          MAIN.ASM   10-20-2020  17:25:57         PAGE  2


LOC  OBJECT CODE     LINE SOURCE TEXT
  VALUE

Warning[207]: Found label after column 1. (FLAGS)
0010                  00039  FLAGS  RES     1 ;BIT 0: SI SE LEYO UNA COMA
                      00040                    ;BIT 1: SI SE LEYO UN CARACTER NULO
                      00041  ;------------ VARIABLES USADAS EN CONVERTIDOR BINARIO A BCD------------------------------
Warning[207]: Found label after column 1. (VALOR_BIN)
0011                  00042  VALOR_BIN  RES 1
Warning[207]: Found label after column 1. (VALOR_DECENAS)
0012                  00043  VALOR_DECENAS RES 1
Warning[207]: Found label after column 1. (VALOR_CENTENAS)
0013                  00044  VALOR_CENTENAS RES 1
Warning[207]: Found label after column 1. (VALOR_UNIDADES)
0014                  00045  VALOR_UNIDADES RES 1
                      00046 ;VARIABLES USADAS AL RECIBIR LOS DATOS
Warning[207]: Found label after column 1. (DATO1)
0015                  00047  DATO1 RES 1
Warning[207]: Found label after column 1. (DATO2)
0016                  00048  DATO2 RES 1
Warning[207]: Found label after column 1. (DATO3)
0017                  00049  DATO3 RES 1
Warning[207]: Found label after column 1. (CONTADOR_RECEIVER)
0018                  00050  CONTADOR_RECEIVER RES 1
Warning[207]: Found label after column 1. (DATOAUX)
0019                  00051  DATOAUX RES 1 ;VALOR EN DONDE SE ALMACENA EL DATO AUXILIAR
                      00052  
Warning[207]: Found label after column 1. (STATUS_RAM)
001A                  00053  STATUS_RAM  RES        1
001B                  00054 W_RAM   RES 1   
                      00055 RES_VECT  CODE    0x0000            ; processor reset vector
0000   2???           00056     GOTO    START                   ; go to beginning of program
                      00057 
                      00058 INTER CODE 0x0004
Warning[207]: Found label after column 1. (SAVE)
0004                  00059  SAVE:
0004   00??           00060     MOVWF   W_RAM
0005   0E03           00061     SWAPF   STATUS,W
0006   00??           00062     MOVWF   STATUS_RAM
0007                  00063 ISR:
0007   190B           00064     BTFSC INTCON,2  ;INTERRUPCION DEL TIMER 0
0008   2???           00065     GOTO    INT_TMR0
0009   1B0C           00066     BTFSC   PIR1,6 ;INTERRUPCION DEL ADC
000A   2???           00067     GOTO    INT_ADC
000B   1A8C           00068     BTFSC   PIR1,5   ;INTERRUPCION EUSART RECEIVER
000C   2???           00069     GOTO    INT_RC
                      00070     
000D                  00071 INT_TMR0: ;MULTIPLEXACION DE LOS DISPLAYS
000D   110B           00072     BCF INTCON,2
000E   3006           00073     MOVLW   VALOR_TMR0
000F   0081           00074     MOVWF   TMR0
0010   2???           00075     CALL MOSTRAR_DATOS
0011   0A??           00076     INCF    MUX,F
0012   2???           00077     GOTO LOAD
0013                  00078 INT_ADC:
0013   130C           00079     BCF PIR1,6 ;SE LIMPIA LA BANDERA
MPASM 5.84                          MAIN.ASM   10-20-2020  17:25:57         PAGE  3


LOC  OBJECT CODE     LINE SOURCE TEXT
  VALUE

0014   081E           00080     MOVF    ADRESH,W
                      00081     
0015   1D1F           00082     BTFSS   ADCON0,2 ;SI ESTE BIT ES CERO SE ESTABA LEYENDO EL CANAL 3
0016   2???           00083     GOTO LECTURA_C1
                      00084     
0017   00??           00085     MOVWF ADC_C1
0018   111F           00086     BCF ADCON0,2 ;SE CAMBIA AL CANAL 1
0019   2???           00087     GOTO    FINAL
                      00088     
Warning[207]: Found label after column 1. (LECTURA_C1)
001A                  00089     LECTURA_C1
001A   00??           00090     MOVWF   ADC_C0
001B   151F           00091     BSF ADCON0,2 ;SE CAMBIA AL CANAL 0
                      00092     
Warning[207]: Found label after column 1. (FINAL)
001C                  00093     FINAL
001C   0000           00094     NOP
001D   0000           00095     NOP
001E   0000           00096     NOP
001F   0000           00097     NOP
0020   0000           00098     NOP ;REQUERIMIENTOS DE ADQUISICION
0021   149F           00099     BSF ADCON0,1 ;INICIA LA CONVERSION
0022   2???           00100     GOTO LOAD
0023                  00101 INT_RC:
0023   081A           00102     MOVF    RCREG,W
0024   00??           00103     MOVWF   DATOAUX
                      00104     ;AQUI SE VERIFICA A QUE DATO CORRESPONDE
0025   302C           00105     MOVLW   .44 ;SE VERIFICA SI ES UNA COMA
0026   02??           00106     SUBWF   DATOAUX,W ;SI DA CERO ES QUE SE RECIBIO UNA COMA
0027   1D03           00107     BTFSS   STATUS,2 ;BIT Z SI LO ANTERIOR DA CERO ES QUE SE LEYO UNA COMA
0028   2???           00108     GOTO    VER_Y
                      00109     
                      00110     ;SE LE LEYO UNA COMA SE EJECUTA ESTO
0029   01??           00111     CLRF    CONTADOR_RECEIVER
002A   08??           00112     MOVF    DATO1,W
002B   00??           00113     MOVWF  PIXEL_X_HIGH
002C   08??           00114     MOVF   DATO2,W
002D   00??           00115     MOVWF   PIXEL_X_MID
002E   08??           00116     MOVF    DATO3,W
002F   00??           00117     MOVWF   PIXEL_X_LOW
0030   2???           00118     GOTO LOAD ;SE SALE DE LA INTERRUPCION
                      00119     
Warning[207]: Found label after column 1. (VER_Y)
0031                  00120     VER_Y
0031   3000           00121     MOVLW   .0
0032   02??           00122     SUBWF   DATOAUX,W
0033   1D03           00123     BTFSS   STATUS,2 ;SI DA CERO, SE ENVIO EL CARACTER NULO, QUE INDICA QUE LOS VALORES ANTERIORES ERAN 
                            LOS CORRESPONDIENTES A Y
0034   2???           00124     GOTO    GUARDAR_COORDENADAS
                      00125     ;SE GUARDAN LOS VALORES DE Y
0035   01??           00126     CLRF    CONTADOR_RECEIVER
0036   08??           00127     MOVF    DATO1,W
0037   00??           00128     MOVWF  PIXEL_Y_HIGH
MPASM 5.84                          MAIN.ASM   10-20-2020  17:25:57         PAGE  4


LOC  OBJECT CODE     LINE SOURCE TEXT
  VALUE

0038   08??           00129     MOVF   DATO2,W
0039   00??           00130     MOVWF  PIXEL_Y_MID
003A   08??           00131     MOVF    DATO3,W
003B   00??           00132     MOVWF  PIXEL_Y_LOW
003C   2???           00133     GOTO LOAD
                      00134     ;SE VAN GUARDANDO LOS DATOS
Warning[207]: Found label after column 1. (GUARDAR_COORDENADAS)
003D                  00135     GUARDAR_COORDENADAS
003D   08??           00136     MOVF    CONTADOR_RECEIVER,W
003E   0782           00137     ADDWF   PCL,F 
003F   2???           00138     GOTO VALOR1
0040   2???           00139     GOTO VALOR2
0041   2???           00140     GOTO VALOR3
0042   01??           00141     CLRF    CONTADOR_RECEIVER
Warning[207]: Found label after column 1. (VALOR1)
0043                  00142     VALOR1
0043   3030           00143     MOVLW   .48
0044   02??           00144     SUBWF   DATOAUX,W
0045   00??           00145     MOVWF   DATO1
0046   0A??           00146     INCF    CONTADOR_RECEIVER,F
0047   2???           00147     GOTO LOAD   
Warning[207]: Found label after column 1. (VALOR2)
0048                  00148     VALOR2
0048   3030           00149     MOVLW   .48
0049   02??           00150     SUBWF   DATOAUX,W
004A   00??           00151     MOVWF   DATO2
004B   0A??           00152     INCF    CONTADOR_RECEIVER,F
004C   2???           00153     GOTO LOAD   
Warning[207]: Found label after column 1. (VALOR3)
004D                  00154     VALOR3
004D   3030           00155     MOVLW   .48
004E   02??           00156     SUBWF   DATOAUX,W
004F   00??           00157     MOVWF   DATO3
0050   0A??           00158     INCF    CONTADOR_RECEIVER,F
                      00159    
                      00160     
                      00161     
0051                  00162 LOAD:
0051   0E??           00163     SWAPF   STATUS_RAM,W
0052   0083           00164     MOVWF   STATUS
0053   0E??           00165     SWAPF   W_RAM,F
0054   0E??           00166     SWAPF   W_RAM,W
0055   0009           00167     RETFIE
                      00168     
                      00169  
0056                  00170 TABLA:
0056   390F           00171     ANDLW   B'00001111' ;MASCARA
0057   0782           00172     ADDWF   PCL,F
0058   3408           00173     RETLW        B'00001000' ;0 ANODO
0059   346B           00174     RETLW        B'01101011' ;1
005A   3424           00175     RETLW  B'00100100' ;2
005B   3421           00176     RETLW  B'00100001' ;3
005C   3443           00177     RETLW  B'01000011' ;4
MPASM 5.84                          MAIN.ASM   10-20-2020  17:25:57         PAGE  5


LOC  OBJECT CODE     LINE SOURCE TEXT
  VALUE

005D   3411           00178     RETLW  B'00010001' ;5
005E   3410           00179     RETLW  B'00010000' ;6
005F   342B           00180     RETLW  B'00101011' ;7
0060   3400           00181     RETLW B'00000000' ;8
0061   3401           00182     RETLW B'00000001' ;9
0062   34FF           00183     RETLW B'011111111' ;ERROR
0063   34FF           00184     RETLW B'011111111' ;ERROR
0064   34FF           00185     RETLW B'011111111' ;ERROR
0065   34FF           00186     RETLW B'011111111' ;ERROR
0066   34FF           00187     RETLW B'011111111' ;ERROR
0067   34FF           00188     RETLW B'011111111' ;ERROR
Warning[207]: Found label after column 1. (MOSTRAR_DATOS)
0068                  00189  MOSTRAR_DATOS:
0068   0186           00190     CLRF    PORTB
0069   08??           00191     MOVF    MUX, W
006A   0782           00192     ADDWF PCL,F
006B   2???           00193     GOTO PRIMERO
006C   2???           00194     GOTO SEGUNDO
006D   2???           00195     GOTO TERCERO
006E   2???           00196     GOTO CUARTO
006F   2???           00197     GOTO QUINTO
0070   2???           00198     GOTO SEXTO
0071   01??           00199     CLRF   MUX
                      00200     ;AQUI SE HACE LA MULTIPLEXACION DE LOS DISPLAYS
Warning[207]: Found label after column 1. (PRIMERO)
0072                  00201     PRIMERO
0072   08??           00202     MOVF   PIXEL_Y_LOW,W
0073   2???           00203     CALL    TABLA
0074   0088           00204     MOVWF   PORTD
0075   1406           00205     BSF PORTB,0
0076   0008           00206     RETURN
                      00207     
Warning[207]: Found label after column 1. (SEGUNDO)
0077                  00208     SEGUNDO
0077   08??           00209     MOVF   PIXEL_Y_MID,W
0078   2???           00210     CALL  TABLA
0079   0088           00211     MOVWF   PORTD
007A   1486           00212     BSF PORTB,1
007B   0008           00213     RETURN
                      00214     
Warning[207]: Found label after column 1. (TERCERO)
007C                  00215     TERCERO
007C   08??           00216     MOVF    PIXEL_Y_HIGH,W
007D   2???           00217     CALL TABLA
007E   0088           00218     MOVWF   PORTD
007F   1506           00219     BSF PORTB,2
0080   0008           00220     RETURN
                      00221     
Warning[207]: Found label after column 1. (CUARTO)
0081                  00222     CUARTO
0081   08??           00223     MOVF    PIXEL_X_LOW,W
0082   2???           00224     CALL TABLA
0083   0088           00225     MOVWF   PORTD
MPASM 5.84                          MAIN.ASM   10-20-2020  17:25:57         PAGE  6


LOC  OBJECT CODE     LINE SOURCE TEXT
  VALUE

0084   1586           00226     BSF PORTB,3
0085   0008           00227     RETURN
                      00228     
Warning[207]: Found label after column 1. (QUINTO)
0086                  00229     QUINTO
0086   08??           00230     MOVF    PIXEL_X_MID,W
0087   2???           00231     CALL TABLA
0088   0088           00232     MOVWF   PORTD
0089   1606           00233     BSF PORTB,4
008A   0008           00234     RETURN
                      00235     
Warning[207]: Found label after column 1. (SEXTO)
008B                  00236     SEXTO
008B   08??           00237     MOVF    PIXEL_X_HIGH,W
008C   2???           00238     CALL TABLA
008D   0088           00239     MOVWF   PORTD
008E   1686           00240     BSF PORTB,5
008F   0008           00241     RETURN
                      00242     
                      00243 MAIN_PROG CODE                      ; let linker place main program
                      00244 
0000                  00245 START
0000   1703           00246     BSF STATUS,6
0001   1683           00247     BSF STATUS,5 ;BANCO 3
                      00248     
Message[302]: Register in operand not in bank 0.  Ensure that bank bits are correct.
0002   0189           00249     CLRF    ANSELH ;PUERTO B COMO SALIDA DIGITAL
0003   30FF           00250     MOVLW   .255
Message[302]: Register in operand not in bank 0.  Ensure that bank bits are correct.
0004   0088           00251     MOVWF   ANSEL ;PUERTO A Y E COMO ENTRADA DIGITAL
                      00252     
0005   1303           00253     BCF STATUS,6 ;BANCO 1
                      00254     
0006   30FF           00255     MOVLW   .255
Message[302]: Register in operand not in bank 0.  Ensure that bank bits are correct.
0007   0085           00256     MOVWF   TRISA
Message[302]: Register in operand not in bank 0.  Ensure that bank bits are correct.
0008   0186           00257     CLRF    TRISB
Message[302]: Register in operand not in bank 0.  Ensure that bank bits are correct.
0009   0188           00258     CLRF    TRISD
                      00259     
000A   3081           00260     MOVLW   B'10000001' ; EN LO QUE INTERESA, EL PRESCALER DEL TMR 0 SE COLOCA EN 1:4 Y LA FUENTE ES EL 
                            OSCILADOR INTERNO
Message[302]: Register in operand not in bank 0.  Ensure that bank bits are correct.
000B   0081           00261     MOVWF   OPTION_REG ;
                      00262     
000C   30E0           00263     MOVLW   B'11100000' ;INTERRUPCIONES GLOBALES, PERIFERICAS ACTIVADAS, TMR0 INT ACTIVADA
000D   008B           00264     MOVWF   INTCON
                      00265     
Message[302]: Register in operand not in bank 0.  Ensure that bank bits are correct.
000E   170C           00266     BSF PIE1,6 ;INTERRUPCION DEL ADC ACTIVADA
Message[302]: Register in operand not in bank 0.  Ensure that bank bits are correct.
000F   168C           00267     BSF PIE1,5 ;INTERRUPCION EUSART RECEIVER ACTIVADA
MPASM 5.84                          MAIN.ASM   10-20-2020  17:25:57         PAGE  7


LOC  OBJECT CODE     LINE SOURCE TEXT
  VALUE

                      00268     
Message[302]: Register in operand not in bank 0.  Ensure that bank bits are correct.
0010   1318           00269     BCF TXSTA,6 ;TRANSMISION DE 8 BITS
Message[302]: Register in operand not in bank 0.  Ensure that bank bits are correct.
0011   1698           00270     BSF TXSTA,5 ;TRANSMISION ACTIVADA
Message[302]: Register in operand not in bank 0.  Ensure that bank bits are correct.
0012   1218           00271     BCF TXSTA,4 ;MODO ASINCRONO
Message[302]: Register in operand not in bank 0.  Ensure that bank bits are correct.
0013   1518           00272     BSF TXSTA,2 ;BAUD RATE DE ALTA VELOCIDAD
                      00273     
0014   3019           00274     MOVLW   .25
Message[302]: Register in operand not in bank 0.  Ensure that bank bits are correct.
0015   0099           00275     MOVWF   SPBRG ;BAUD RATE DE 9615
                      00276     
Message[302]: Register in operand not in bank 0.  Ensure that bank bits are correct.
0016   139F           00277     BCF ADCON1,7 ;JUSTIFICADO A LA DERECHA
Message[302]: Register in operand not in bank 0.  Ensure that bank bits are correct.
0017   129F           00278     BCF ADCON1,5 ; V++ COMO VCC
Message[302]: Register in operand not in bank 0.  Ensure that bank bits are correct.
0018   121F           00279     BCF ADCON1,4   ;V-- COMO VDD
                      00280     
0019   1283           00281     BCF STATUS,5 ;BANCO 0
                      00282     
001A   3041           00283     MOVLW   B'01000001' ;FOSC/8 CANAL AN0  Y SE ENCIENDE
001B   009F           00284     MOVWF   ADCON0
                      00285     
001C   3006           00286     MOVLW   VALOR_TMR0
001D   0081           00287     MOVWF   TMR0    
                      00288     
001E   1798           00289     BSF RCSTA,7 ;SE CONFIGURA EL PUERTO SERIAL
001F   1318           00290     BCF RCSTA,6 ;RECEPCION DE 8 BITS
0020   1618           00291     BSF RCSTA,4 ;RECEPCION CONTINUA
                      00292     
0021   149F           00293     BSF ADCON0,1 ;INICIA LA CONVERSION DEL ADC
0022   01??           00294    CLRF PIXEL_X_LOW
0023   01??           00295    CLRF PIXEL_X_MID
0024   01??           00296    CLRF PIXEL_X_HIGH
0025   01??           00297    CLRF PIXEL_Y_LOW
0026   01??           00298    CLRF PIXEL_Y_MID
0027   01??           00299    CLRF PIXEL_Y_HIGH
0028   01??           00300    CLRF MUX
0029   01??           00301    CLRF ADC_C1
002A   01??           00302    CLRF ADC_C0
002B   01??           00303    CLRF CONTADOR
002C   01??           00304    CLRF CONTADOR_RECEIVER
002D   01??           00305    CLRF DATO1
002E   01??           00306    CLRF DATO2
002F   01??           00307    CLRF DATO3
                      00308    
0030                  00309 LOOP:
0030   08??           00310     MOVF    ADC_C0,W
0031   00??           00311     MOVWF   VALOR_BIN
0032   2???           00312     CALL    CONVERTIR_BIN_TO_BCD
MPASM 5.84                          MAIN.ASM   10-20-2020  17:25:57         PAGE  8


LOC  OBJECT CODE     LINE SOURCE TEXT
  VALUE

0033   08??           00313     MOVF    VALOR_CENTENAS,W
0034   00??           00314     MOVWF   X_HIGH
                      00315     
0035   08??           00316     MOVF    VALOR_DECENAS,W
0036   00??           00317     MOVWF   X_MID
                      00318     
0037   08??           00319     MOVF    VALOR_UNIDADES,W
0038   00??           00320     MOVWF   X_LOW
                      00321     
0039   08??           00322     MOVF    ADC_C1,W
003A   00??           00323     MOVWF   VALOR_BIN
003B   2???           00324     CALL    CONVERTIR_BIN_TO_BCD
                      00325     
003C   08??           00326     MOVF    VALOR_CENTENAS,W
003D   00??           00327     MOVWF   Y_HIGH
                      00328     
003E   08??           00329     MOVF    VALOR_DECENAS,W
003F   00??           00330     MOVWF   Y_MID
                      00331     
0040   08??           00332     MOVF    VALOR_UNIDADES,W
0041   00??           00333     MOVWF   Y_LOW
                      00334     
0042   2???           00335     CALL ENVIAR_DATOS
                      00336     
0043   2???           00337     GOTO LOOP
                      00338     
0044                  00339 ENVIAR_DATOS:
0044   1E0C           00340     BTFSS   PIR1,4 ;SI NO ESTA OCUPADO SE SALTA EL RETURN
0045   0008           00341     RETURN
                      00342    
                      00343     ;----- SE DETERMINA QUE DATO HAY QUE ENVIAR -------------------------------
0046   08??           00344     MOVF    CONTADOR,W
0047   0782           00345    ADDWF   PCL,F
0048   2???           00346     GOTO    UNO
0049   2???           00347     GOTO    DOS
004A   2???           00348     GOTO    TRES
004B   2???           00349     GOTO    CUATRO
004C   2???           00350     GOTO    CINCO
004D   2???           00351     GOTO    SEIS
004E   2???           00352     GOTO    SIETE
004F   2???           00353     GOTO    OCHO
0050   01??           00354     CLRF    CONTADOR
Warning[207]: Found label after column 1. (UNO)
0051                  00355     UNO
0051   08??           00356     MOVF    X_HIGH,W
0052   2???           00357     GOTO ENVIAR
Warning[207]: Found label after column 1. (DOS)
0053                  00358     DOS
0053   08??           00359      MOVF    X_MID,W
0054   2???           00360     GOTO ENVIAR
Warning[207]: Found label after column 1. (TRES)
0055                  00361     TRES
0055   08??           00362     MOVF    X_LOW,W 
MPASM 5.84                          MAIN.ASM   10-20-2020  17:25:57         PAGE  9


LOC  OBJECT CODE     LINE SOURCE TEXT
  VALUE

0056   2???           00363     GOTO ENVIAR
Warning[207]: Found label after column 1. (CUATRO)
0057                  00364     CUATRO
0057   302C           00365     MOVLW    .44 ; COMA EN ASCII
0058   2???           00366     GOTO ENVIAR_SIN_SUMA
Warning[207]: Found label after column 1. (CINCO)
0059                  00367     CINCO
0059   08??           00368     MOVF    Y_HIGH,W
005A   2???           00369     GOTO ENVIAR
Warning[207]: Found label after column 1. (SEIS)
005B                  00370     SEIS
005B   08??           00371     MOVF    Y_MID,W
005C   2???           00372     GOTO ENVIAR
Warning[207]: Found label after column 1. (SIETE)
005D                  00373     SIETE
005D   08??           00374      MOVF    Y_LOW,W
005E   2???           00375     GOTO ENVIAR
Warning[207]: Found label after column 1. (OCHO)
005F                  00376     OCHO
005F   300A           00377     MOVLW   .10 ;NUEVA LINEA
0060   2???           00378     GOTO ENVIAR_SIN_SUMA
Warning[207]: Found label after column 1. (ENVIAR)
0061                  00379     ENVIAR
0061   3E30           00380     ADDLW   .48 ;SE PASA DE BCD A ASCII
Warning[207]: Found label after column 1. (ENVIAR_SIN_SUMA)
0062                  00381     ENVIAR_SIN_SUMA
0062   0099           00382     MOVWF   TXREG
0063   0A??           00383     INCF    CONTADOR,F
0064   0008           00384     RETURN
                      00385     
                      00386     
0065                  00387 CONVERTIR_BIN_TO_BCD:
0065   01??           00388     CLRF    VALOR_CENTENAS
0066   01??           00389     CLRF    VALOR_DECENAS
0067   01??           00390     CLRF    VALOR_UNIDADES
                      00391     ;PRIMERO SE INICIA CON LAS CENTENAS
Warning[207]: Found label after column 1. (CENTENAS)
0068                  00392     CENTENAS
0068   3064           00393     MOVLW   .100
0069   02??           00394     SUBWF   VALOR_BIN,W    ;EN EL FSR SE COLOCA LA DIRECCION DEL VALOR A CONVERTIR
006A   1C03           00395     BTFSS   STATUS, C   ; SI EL BIT C ES 1 QUIERE DECIR QUE INDF >= W 
006B   2???           00396     GOTO    DECENAS ;SI EL BIT ES CERO ES EJECUTA ESTO, LO QUE QUIERE DECIR QUE YA EL NUMEOR EN INDF
                      00397     ;ES MENOR O IGUAL A 100
                      00398     
006C   0A??           00399     INCF    VALOR_CENTENAS,F
006D   00??           00400     MOVWF   VALOR_BIN
006E   2???           00401     GOTO CENTENAS ;VUELVE A RESTAR
                      00402     
                      00403     
Warning[207]: Found label after column 1. (DECENAS)
006F                  00404     DECENAS
006F   300A           00405     MOVLW   .10
0070   02??           00406     SUBWF   VALOR_BIN,W
MPASM 5.84                          MAIN.ASM   10-20-2020  17:25:57         PAGE 10


LOC  OBJECT CODE     LINE SOURCE TEXT
  VALUE

0071   1C03           00407     BTFSS   STATUS,C  ;LO MISMO QUE CON CENTENAS 
0072   2???           00408     GOTO UNIDADES
                      00409     
0073   0A??           00410     INCF    VALOR_DECENAS,F
0074   00??           00411     MOVWF   VALOR_BIN
0075   2???           00412     GOTO DECENAS
                      00413     
Warning[207]: Found label after column 1. (UNIDADES)
0076                  00414     UNIDADES
0076   3001           00415     MOVLW .1
0077   02??           00416     SUBWF   VALOR_BIN,W
0078   1C03           00417     BTFSS   STATUS,C ;MISMA LOGICA QUE ANTERIORMENTE
0079   0008           00418     RETURN
                      00419     
007A   0A??           00420     INCF    VALOR_UNIDADES,F
007B   00??           00421     MOVWF VALOR_BIN
007C   2???           00422     GOTO UNIDADES
                      00423     
20D4 3FFF             00424     END
MPASM 5.84                          MAIN.ASM   10-20-2020  17:25:57         PAGE 11


SYMBOL TABLE
  LABEL                             VALUE 

ABDEN                             00000000
ABDOVF                            00000007
ACKDT                             00000005
ACKEN                             00000004
ACKSTAT                           00000006
ADCON0                            0000001F
ADCON1                            0000009F
ADCS0                             00000006
ADCS1                             00000007
ADC_C0                            00000008
ADC_C1                            00000009
ADDEN                             00000003
ADFM                              00000007
ADIE                              00000006
ADIF                              00000006
ADON                              00000000
ADRESH                            0000001E
ADRESL                            0000009E
ANS0                              00000000
ANS1                              00000001
ANS10                             00000002
ANS11                             00000003
ANS12                             00000004
ANS13                             00000005
ANS2                              00000002
ANS3                              00000003
ANS4                              00000004
ANS5                              00000005
ANS6                              00000006
ANS7                              00000007
ANS8                              00000000
ANS9                              00000001
ANSEL                             00000188
ANSELH                            00000189
BAUDCTL                           00000187
BCLIE                             00000003
BCLIF                             00000003
BF                                00000000
BRG0                              00000000
BRG1                              00000001
BRG10                             00000002
BRG11                             00000003
BRG12                             00000004
BRG13                             00000005
BRG14                             00000006
BRG15                             00000007
BRG16                             00000003
BRG2                              00000002
BRG3                              00000003
BRG4                              00000004
BRG5                              00000005
BRG6                              00000006
BRG7                              00000007
MPASM 5.84                          MAIN.ASM   10-20-2020  17:25:57         PAGE 12


SYMBOL TABLE
  LABEL                             VALUE 

BRG8                              00000000
BRG9                              00000001
BRGH                              00000002
C                                 00000000
C1CH0                             00000000
C1CH1                             00000001
C1IE                              00000005
C1IF                              00000005
C1OE                              00000005
C1ON                              00000007
C1OUT                             00000006
C1POL                             00000004
C1R                               00000002
C1RSEL                            00000005
C1SEN                             00000005
C2CH0                             00000000
C2CH1                             00000001
C2IE                              00000006
C2IF                              00000006
C2OE                              00000005
C2ON                              00000007
C2OUT                             00000006
C2POL                             00000004
C2R                               00000002
C2REN                             00000004
C2RSEL                            00000004
C2SYNC                            00000000
CCP1CON                           00000017
CCP1IE                            00000002
CCP1IF                            00000002
CCP1M0                            00000000
CCP1M1                            00000001
CCP1M2                            00000002
CCP1M3                            00000003
CCP1X                             00000005
CCP1Y                             00000004
CCP2CON                           0000001D
CCP2IE                            00000000
CCP2IF                            00000000
CCP2M0                            00000000
CCP2M1                            00000001
CCP2M2                            00000002
CCP2M3                            00000003
CCP2X                             00000005
CCP2Y                             00000004
CCPR1                             00000015
CCPR1H                            00000016
CCPR1L                            00000015
CCPR2                             0000001B
CCPR2H                            0000001C
CCPR2L                            0000001B
CENTENAS                          00000068
CHS0                              00000002
MPASM 5.84                          MAIN.ASM   10-20-2020  17:25:57         PAGE 13


SYMBOL TABLE
  LABEL                             VALUE 

CHS1                              00000003
CHS2                              00000004
CHS3                              00000005
CINCO                             00000059
CKE                               00000006
CKP                               00000004
CM1CON0                           00000107
CM2CON0                           00000108
CM2CON1                           00000109
CONTADOR                          00000000
CONTADOR_RECEIVER                 00000018
CONVERTIR_BIN_TO_BCD              00000065
CREN                              00000004
CSRC                              00000007
CUARTO                            00000081
CUATRO                            00000057
D                                 00000005
DATA_ADDRESS                      00000005
DATO1                             00000015
DATO2                             00000016
DATO3                             00000017
DATOAUX                           00000019
DC                                00000001
DC1B0                             00000004
DC1B1                             00000005
DC2B0                             00000004
DC2B1                             00000005
DECENAS                           0000006F
DOS                               00000053
D_A                               00000005
D_NOT_A                           00000005
ECCPAS                            0000009C
ECCPAS0                           00000004
ECCPAS1                           00000005
ECCPAS2                           00000006
ECCPASE                           00000007
EEADR                             0000010D
EEADRH                            0000010F
EECON1                            0000018C
EECON2                            0000018D
EEDAT                             0000010C
EEDATA                            0000010C
EEDATH                            0000010E
EEIE                              00000004
EEIF                              00000004
EEPGD                             00000007
ENVIAR                            00000061
ENVIAR_DATOS                      00000044
ENVIAR_SIN_SUMA                   00000062
F                                 00000001
FERR                              00000002
FINAL                             0000001C
FLAGS                             00000010
MPASM 5.84                          MAIN.ASM   10-20-2020  17:25:57         PAGE 14


SYMBOL TABLE
  LABEL                             VALUE 

FSR                               00000004
FVREN                             00000000
GCEN                              00000007
GIE                               00000007
GO                                00000001
GO_DONE                           00000001
GO_NOT_DONE                       00000001
GUARDAR_COORDENADAS               0000003D
HTS                               00000002
I2C_DATA                          00000005
I2C_READ                          00000002
I2C_START                         00000003
I2C_STOP                          00000004
INDF                              00000000
INTCON                            0000000B
INTE                              00000004
INTEDG                            00000006
INTF                              00000001
INT_ADC                           00000013
INT_RC                            00000023
INT_TMR0                          0000000D
IOCB                              00000096
IOCB0                             00000000
IOCB1                             00000001
IOCB2                             00000002
IOCB3                             00000003
IOCB4                             00000004
IOCB5                             00000005
IOCB6                             00000006
IOCB7                             00000007
IRCF0                             00000004
IRCF1                             00000005
IRCF2                             00000006
IRP                               00000007
ISR                               00000007
LECTURA_C1                        0000001A
LOAD                              00000051
LOOP                              00000030
LTS                               00000001
MC1OUT                            00000007
MC2OUT                            00000006
MOSTRAR_DATOS                     00000068
MSK                               00000093
MSK0                              00000000
MSK1                              00000001
MSK2                              00000002
MSK3                              00000003
MSK4                              00000004
MSK5                              00000005
MSK6                              00000006
MSK7                              00000007
MUX                               00000001
NOT_A                             00000005
MPASM 5.84                          MAIN.ASM   10-20-2020  17:25:57         PAGE 15


SYMBOL TABLE
  LABEL                             VALUE 

NOT_ADDRESS                       00000005
NOT_BO                            00000000
NOT_BOR                           00000000
NOT_DONE                          00000001
NOT_PD                            00000003
NOT_POR                           00000001
NOT_RBPU                          00000007
NOT_RC8                           00000006
NOT_T1SYNC                        00000002
NOT_TO                            00000004
NOT_TX8                           00000006
NOT_W                             00000002
NOT_WRITE                         00000002
OCHO                              0000005F
OERR                              00000001
OPTION_REG                        00000081
OSCCON                            0000008F
OSCTUNE                           00000090
OSFIE                             00000007
OSFIF                             00000007
OSTS                              00000003
P                                 00000004
P1M0                              00000006
P1M1                              00000007
PCL                               00000002
PCLATH                            0000000A
PCON                              0000008E
PDC0                              00000000
PDC1                              00000001
PDC2                              00000002
PDC3                              00000003
PDC4                              00000004
PDC5                              00000005
PDC6                              00000006
PEIE                              00000006
PEN                               00000002
PIE1                              0000008C
PIE2                              0000008D
PIR1                              0000000C
PIR2                              0000000D
PIXEL_X_HIGH                      0000000C
PIXEL_X_LOW                       0000000A
PIXEL_X_MID                       0000000B
PIXEL_Y_HIGH                      0000000F
PIXEL_Y_LOW                       0000000D
PIXEL_Y_MID                       0000000E
PORTA                             00000005
PORTB                             00000006
PORTC                             00000007
PORTD                             00000008
PORTE                             00000009
PR2                               00000092
PRIMERO                           00000072
MPASM 5.84                          MAIN.ASM   10-20-2020  17:25:57         PAGE 16


SYMBOL TABLE
  LABEL                             VALUE 

PRSEN                             00000007
PS0                               00000000
PS1                               00000001
PS2                               00000002
PSA                               00000003
PSSAC0                            00000002
PSSAC1                            00000003
PSSBD0                            00000000
PSSBD1                            00000001
PSTRCON                           0000009D
PULSR                             00000002
PULSS                             00000003
PWM1CON                           0000009B
QUINTO                            00000086
R                                 00000002
RA0                               00000000
RA1                               00000001
RA2                               00000002
RA3                               00000003
RA4                               00000004
RA5                               00000005
RA6                               00000006
RA7                               00000007
RB0                               00000000
RB1                               00000001
RB2                               00000002
RB3                               00000003
RB4                               00000004
RB5                               00000005
RB6                               00000006
RB7                               00000007
RBIE                              00000003
RBIF                              00000000
RC0                               00000000
RC1                               00000001
RC2                               00000002
RC3                               00000003
RC4                               00000004
RC5                               00000005
RC6                               00000006
RC7                               00000007
RC8_9                             00000006
RC9                               00000006
RCD8                              00000000
RCEN                              00000003
RCIDL                             00000006
RCIE                              00000005
RCIF                              00000005
RCREG                             0000001A
RCSTA                             00000018
RD                                00000000
RD0                               00000000
RD1                               00000001
MPASM 5.84                          MAIN.ASM   10-20-2020  17:25:57         PAGE 17


SYMBOL TABLE
  LABEL                             VALUE 

RD2                               00000002
RD3                               00000003
RD4                               00000004
RD5                               00000005
RD6                               00000006
RD7                               00000007
RE0                               00000000
RE1                               00000001
RE2                               00000002
RE3                               00000003
READ_WRITE                        00000002
RP0                               00000005
RP1                               00000006
RSEN                              00000001
RX9                               00000006
RX9D                              00000000
R_NOT_W                           00000002
R_W                               00000002
S                                 00000003
SAVE                              00000004
SBOREN                            00000004
SCKP                              00000004
SCS                               00000000
SEGUNDO                           00000077
SEIS                              0000005B
SEN                               00000000
SENDB                             00000003
SEXTO                             0000008B
SIETE                             0000005D
SMP                               00000007
SPBRG                             00000099
SPBRGH                            0000009A
SPEN                              00000007
SR0                               00000006
SR1                               00000007
SRCON                             00000185
SREN                              00000005
SSPADD                            00000093
SSPBUF                            00000013
SSPCON                            00000014
SSPCON2                           00000091
SSPEN                             00000005
SSPIE                             00000003
SSPIF                             00000003
SSPM0                             00000000
SSPM1                             00000001
SSPM2                             00000002
SSPM3                             00000003
SSPMSK                            00000093
SSPOV                             00000006
SSPSTAT                           00000094
START                             00000000
STATUS                            00000003
MPASM 5.84                          MAIN.ASM   10-20-2020  17:25:57         PAGE 18


SYMBOL TABLE
  LABEL                             VALUE 

STATUS_RAM                        0000001A
STRA                              00000000
STRB                              00000001
STRC                              00000002
STRD                              00000003
STRSYNC                           00000004
SWDTEN                            00000000
SYNC                              00000004
T0CS                              00000005
T0IE                              00000005
T0IF                              00000002
T0SE                              00000004
T1CKPS0                           00000004
T1CKPS1                           00000005
T1CON                             00000010
T1GINV                            00000007
T1GIV                             00000007
T1GSS                             00000001
T1INSYNC                          00000002
T1OSCEN                           00000003
T1SYNC                            00000002
T2CKPS0                           00000000
T2CKPS1                           00000001
T2CON                             00000012
TABLA                             00000056
TERCERO                           0000007C
TMR0                              00000001
TMR0IE                            00000005
TMR0IF                            00000002
TMR1                              0000000E
TMR1CS                            00000001
TMR1GE                            00000006
TMR1H                             0000000F
TMR1IE                            00000000
TMR1IF                            00000000
TMR1L                             0000000E
TMR1ON                            00000000
TMR2                              00000011
TMR2IE                            00000001
TMR2IF                            00000001
TMR2ON                            00000002
TOUTPS0                           00000003
TOUTPS1                           00000004
TOUTPS2                           00000005
TOUTPS3                           00000006
TRES                              00000055
TRISA                             00000085
TRISA0                            00000000
TRISA1                            00000001
TRISA2                            00000002
TRISA3                            00000003
TRISA4                            00000004
TRISA5                            00000005
MPASM 5.84                          MAIN.ASM   10-20-2020  17:25:57         PAGE 19


SYMBOL TABLE
  LABEL                             VALUE 

TRISA6                            00000006
TRISA7                            00000007
TRISB                             00000086
TRISB0                            00000000
TRISB1                            00000001
TRISB2                            00000002
TRISB3                            00000003
TRISB4                            00000004
TRISB5                            00000005
TRISB6                            00000006
TRISB7                            00000007
TRISC                             00000087
TRISC0                            00000000
TRISC1                            00000001
TRISC2                            00000002
TRISC3                            00000003
TRISC4                            00000004
TRISC5                            00000005
TRISC6                            00000006
TRISC7                            00000007
TRISD                             00000088
TRISD0                            00000000
TRISD1                            00000001
TRISD2                            00000002
TRISD3                            00000003
TRISD4                            00000004
TRISD5                            00000005
TRISD6                            00000006
TRISD7                            00000007
TRISE                             00000089
TRISE0                            00000000
TRISE1                            00000001
TRISE2                            00000002
TRISE3                            00000003
TRMT                              00000001
TUN0                              00000000
TUN1                              00000001
TUN2                              00000002
TUN3                              00000003
TUN4                              00000004
TX8_9                             00000006
TX9                               00000006
TX9D                              00000000
TXD8                              00000000
TXEN                              00000005
TXIE                              00000004
TXIF                              00000004
TXREG                             00000019
TXSTA                             00000098
UA                                00000001
ULPWUE                            00000005
ULPWUIE                           00000002
ULPWUIF                           00000002
MPASM 5.84                          MAIN.ASM   10-20-2020  17:25:57         PAGE 20


SYMBOL TABLE
  LABEL                             VALUE 

UNIDADES                          00000076
UNO                               00000051
VALOR1                            00000043
VALOR2                            00000048
VALOR3                            0000004D
VALOR_BIN                         00000011
VALOR_CENTENAS                    00000013
VALOR_DECENAS                     00000012
VALOR_TMR0                        00000006
VALOR_UNIDADES                    00000014
VCFG0                             00000004
VCFG1                             00000005
VER_Y                             00000031
VR0                               00000000
VR1                               00000001
VR2                               00000002
VR3                               00000003
VRCON                             00000097
VREN                              00000007
VROE                              00000006
VRR                               00000005
VRSS                              00000004
W                                 00000000
WCOL                              00000007
WDTCON                            00000105
WDTPS0                            00000001
WDTPS1                            00000002
WDTPS2                            00000003
WDTPS3                            00000004
WPUB                              00000095
WPUB0                             00000000
WPUB1                             00000001
WPUB2                             00000002
WPUB3                             00000003
WPUB4                             00000004
WPUB5                             00000005
WPUB6                             00000006
WPUB7                             00000007
WR                                00000001
WREN                              00000002
WRERR                             00000003
WUE                               00000001
W_RAM                             0000001B
X_HIGH                            00000004
X_LOW                             00000002
X_MID                             00000003
Y_HIGH                            00000007
Y_LOW                             00000005
Y_MID                             00000006
Z                                 00000002
_BOR21V                           00003EFF
_BOR40V                           00003FFF
_BOR4V_BOR21V                     00003EFF
MPASM 5.84                          MAIN.ASM   10-20-2020  17:25:57         PAGE 21


SYMBOL TABLE
  LABEL                             VALUE 

_BOR4V_BOR40V                     00003FFF
_BOREN_NSLEEP                     00003EFF
_BOREN_OFF                        00003CFF
_BOREN_ON                         00003FFF
_BOREN_SBODEN                     00003DFF
_BOR_NSLEEP                       00003EFF
_BOR_OFF                          00003CFF
_BOR_ON                           00003FFF
_BOR_SBODEN                       00003DFF
_CONFIG1                          00002007
_CONFIG2                          00002008
_CPD_OFF                          00003FFF
_CPD_ON                           00003F7F
_CP_OFF                           00003FFF
_CP_ON                            00003FBF
_DEBUG_OFF                        00003FFF
_DEBUG_ON                         00001FFF
_DEVID1                           00002006
_EC_OSC                           00003FFB
_EXTRC                            00003FFF
_EXTRCIO                          00003FFE
_EXTRC_OSC_CLKOUT                 00003FFF
_EXTRC_OSC_NOCLKOUT               00003FFE
_FCMEN_OFF                        000037FF
_FCMEN_ON                         00003FFF
_FOSC_EC                          00003FFB
_FOSC_EXTRC_CLKOUT                00003FFF
_FOSC_EXTRC_NOCLKOUT              00003FFE
_FOSC_HS                          00003FFA
_FOSC_INTRC_CLKOUT                00003FFD
_FOSC_INTRC_NOCLKOUT              00003FFC
_FOSC_LP                          00003FF8
_FOSC_XT                          00003FF9
_HS_OSC                           00003FFA
_IDLOC0                           00002000
_IDLOC1                           00002001
_IDLOC2                           00002002
_IDLOC3                           00002003
_IESO_OFF                         00003BFF
_IESO_ON                          00003FFF
_INTOSC                           00003FFD
_INTOSCIO                         00003FFC
_INTRC_OSC_CLKOUT                 00003FFD
_INTRC_OSC_NOCLKOUT               00003FFC
_LP_OSC                           00003FF8
_LVP_OFF                          00002FFF
_LVP_ON                           00003FFF
_MCLRE_OFF                        00003FDF
_MCLRE_ON                         00003FFF
_PWRTE_OFF                        00003FFF
_PWRTE_ON                         00003FEF
_WDTE_OFF                         00003FF7
_WDTE_ON                          00003FFF
MPASM 5.84                          MAIN.ASM   10-20-2020  17:25:57         PAGE 22


SYMBOL TABLE
  LABEL                             VALUE 

_WDT_OFF                          00003FF7
_WDT_ON                           00003FFF
_WRT_1FOURTH                      00003BFF
_WRT_256                          00003DFF
_WRT_HALF                         000039FF
_WRT_OFF                          00003FFF
_XT_OSC                           00003FF9
__16F887                          00000001
__DEBUG                           
__MPLAB_DEBUGGER_SIMULATOR        1

Errors   :     0
Warnings :    43 reported,     0 suppressed
Messages :    16 reported,     0 suppressed

